TN:
SF:src\components\tasks\BoardView\index.tsx
FN:22,(anonymous_1)
FN:32,(anonymous_2)
FN:32,(anonymous_3)
FN:34,(anonymous_4)
FN:40,(anonymous_5)
FN:46,(anonymous_6)
FN:59,(anonymous_7)
FN:68,(anonymous_8)
FN:70,(anonymous_9)
FN:86,(anonymous_10)
FNF:10
FNH:5
FNDA:5,(anonymous_1)
FNDA:15,(anonymous_2)
FNDA:33,(anonymous_3)
FNDA:0,(anonymous_4)
FNDA:0,(anonymous_5)
FNDA:0,(anonymous_6)
FNDA:15,(anonymous_7)
FNDA:0,(anonymous_8)
FNDA:0,(anonymous_9)
FNDA:11,(anonymous_10)
DA:1,1
DA:3,1
DA:4,1
DA:5,1
DA:16,1
DA:22,1
DA:30,5
DA:32,33
DA:34,5
DA:35,0
DA:36,0
DA:37,0
DA:40,5
DA:41,0
DA:42,0
DA:46,5
DA:47,0
DA:48,0
DA:50,0
DA:51,0
DA:53,0
DA:54,0
DA:57,5
DA:60,15
DA:61,15
DA:63,15
DA:68,0
DA:70,0
DA:87,11
LF:29
LH:16
BRDA:41,0,0,0
BRDA:41,0,1,0
BRDA:53,1,0,0
BRDA:53,1,1,0
BRDA:53,2,0,0
BRDA:53,2,1,0
BRDA:54,3,0,0
BRDA:54,3,1,0
BRDA:54,4,0,0
BRDA:54,4,1,0
BRDA:66,5,0,0
BRDA:66,5,1,15
BRDA:81,6,0,6
BRDA:81,6,1,9
BRDA:82,7,0,0
BRDA:82,7,1,6
BRDA:83,8,0,0
BRDA:83,8,1,6
BRDA:94,9,0,11
BRDA:94,9,1,0
BRDA:94,10,0,11
BRDA:94,10,1,11
BRDA:98,11,0,15
BRDA:98,11,1,9
BRDA:98,11,2,0
BRF:25
BRH:10
end_of_record
TN:
SF:src\components\tasks\ListView\index.tsx
FN:23,(anonymous_1)
FN:31,(anonymous_2)
FN:34,(anonymous_3)
FN:35,(anonymous_4)
FN:48,(anonymous_5)
FN:57,(anonymous_6)
FNF:6
FNH:6
FNDA:2,(anonymous_1)
FNDA:6,(anonymous_2)
FNDA:18,(anonymous_3)
FNDA:6,(anonymous_4)
FNDA:2,(anonymous_5)
FNDA:6,(anonymous_6)
DA:3,1
DA:4,1
DA:5,1
DA:16,1
DA:17,1
DA:23,1
DA:31,6
DA:34,18
DA:35,6
DA:37,2
DA:38,0
DA:46,2
DA:49,2
DA:58,6
LF:14
LH:13
BRDA:37,0,0,0
BRDA:37,0,1,2
BRDA:66,1,0,6
BRDA:66,1,1,0
BRDA:66,2,0,6
BRDA:66,2,1,6
BRF:6
BRH:4
end_of_record
TN:
SF:src\components\tasks\TaskCard\index.tsx
FN:29,formatDeadline
FN:35,isOverdue
FN:40,(anonymous_3)
FN:48,(anonymous_4)
FN:50,(anonymous_5)
FN:53,(anonymous_6)
FN:54,(anonymous_7)
FN:57,(anonymous_8)
FN:62,(anonymous_9)
FN:70,(anonymous_10)
FN:74,(anonymous_11)
FN:87,(anonymous_12)
FN:123,(anonymous_13)
FN:130,(anonymous_14)
FN:136,(anonymous_15)
FN:144,(anonymous_16)
FNF:16
FNH:4
FNDA:19,formatDeadline
FNDA:19,isOverdue
FNDA:19,(anonymous_3)
FNDA:0,(anonymous_4)
FNDA:0,(anonymous_5)
FNDA:0,(anonymous_6)
FNDA:0,(anonymous_7)
FNDA:0,(anonymous_8)
FNDA:0,(anonymous_9)
FNDA:0,(anonymous_10)
FNDA:1,(anonymous_11)
FNDA:0,(anonymous_12)
FNDA:0,(anonymous_13)
FNDA:0,(anonymous_14)
FNDA:0,(anonymous_15)
FNDA:0,(anonymous_16)
DA:1,2
DA:2,2
DA:4,2
DA:5,2
DA:17,2
DA:23,2
DA:30,19
DA:31,0
DA:32,0
DA:36,19
DA:37,0
DA:40,2
DA:41,19
DA:42,19
DA:44,19
DA:45,19
DA:46,19
DA:48,19
DA:49,0
DA:50,0
DA:53,19
DA:54,0
DA:57,19
DA:58,0
DA:59,0
DA:62,19
DA:63,0
DA:64,0
DA:65,0
DA:66,0
DA:67,0
DA:70,19
DA:71,0
DA:74,19
DA:75,1
DA:78,19
DA:87,0
DA:123,0
DA:130,0
DA:136,0
DA:144,0
LF:41
LH:22
BRDA:30,0,0,19
BRDA:30,0,1,0
BRDA:36,1,0,19
BRDA:36,1,1,0
BRDA:36,2,0,19
BRDA:36,2,1,0
BRDA:40,3,0,13
BRDA:40,4,0,19
BRDA:58,5,0,0
BRDA:58,5,1,0
BRDA:58,6,0,0
BRDA:58,6,1,0
BRDA:63,7,0,0
BRDA:63,7,1,0
BRDA:75,8,0,1
BRDA:75,8,1,0
BRDA:75,9,0,0
BRDA:75,9,1,1
BRDA:75,10,0,1
BRDA:75,10,1,1
BRDA:80,11,0,0
BRDA:80,11,1,19
BRDA:80,12,0,2
BRDA:80,12,1,17
BRDA:80,13,0,0
BRDA:80,13,1,19
BRDA:81,14,0,19
BRDA:81,14,1,13
BRDA:85,15,0,2
BRDA:85,15,1,17
BRDA:86,16,0,2
BRDA:86,16,1,17
BRDA:87,17,0,2
BRDA:87,17,1,17
BRDA:87,18,0,0
BRDA:87,18,1,0
BRDA:87,19,0,0
BRDA:87,19,1,0
BRDA:90,20,0,19
BRDA:90,20,1,0
BRDA:119,21,0,19
BRDA:119,21,1,0
BRDA:121,22,0,0
BRDA:121,22,1,0
BRDA:128,23,0,0
BRDA:128,23,1,0
BRDA:136,24,0,0
BRDA:136,24,1,0
BRDA:136,25,0,0
BRDA:136,25,1,0
BRDA:144,26,0,0
BRDA:144,26,1,0
BRDA:144,27,0,0
BRDA:144,27,1,0
BRDA:156,28,0,19
BRDA:156,28,1,10
BRDA:161,29,0,19
BRDA:161,29,1,0
BRDA:162,30,0,0
BRDA:162,30,1,0
BRDA:166,31,0,0
BRDA:166,31,1,0
BRF:62
BRH:26
end_of_record
TN:
SF:src\components\tasks\TaskContainer\index.tsx
FN:38,(anonymous_1)
FN:54,(anonymous_2)
FN:58,(anonymous_3)
FN:64,(anonymous_4)
FN:70,(anonymous_5)
FN:90,(anonymous_6)
FN:91,(anonymous_7)
FN:92,(anonymous_8)
FN:93,(anonymous_9)
FN:135,(anonymous_10)
FN:144,(anonymous_11)
FN:151,(anonymous_12)
FN:159,(anonymous_13)
FN:163,(anonymous_14)
FN:172,(anonymous_15)
FN:184,(anonymous_16)
FNF:16
FNH:15
FNDA:7,(anonymous_1)
FNDA:6,(anonymous_2)
FNDA:3,(anonymous_3)
FNDA:3,(anonymous_4)
FNDA:8,(anonymous_5)
FNDA:3,(anonymous_6)
FNDA:9,(anonymous_7)
FNDA:9,(anonymous_8)
FNDA:9,(anonymous_9)
FNDA:1,(anonymous_10)
FNDA:1,(anonymous_11)
FNDA:28,(anonymous_12)
FNDA:1,(anonymous_13)
FNDA:21,(anonymous_14)
FNDA:0,(anonymous_15)
FNDA:1,(anonymous_16)
DA:1,1
DA:2,1
DA:4,1
DA:5,1
DA:6,1
DA:7,1
DA:24,1
DA:31,1
DA:38,1
DA:49,7
DA:50,7
DA:51,7
DA:52,7
DA:54,7
DA:55,6
DA:57,6
DA:58,3
DA:61,6
DA:62,1
DA:63,1
DA:65,3
DA:70,6
DA:71,8
DA:72,6
DA:73,0
DA:74,0
DA:75,0
DA:76,0
DA:78,0
DA:79,0
DA:80,0
DA:82,6
DA:83,6
DA:84,6
DA:87,6
DA:90,7
DA:91,9
DA:92,9
DA:93,9
DA:96,7
DA:135,1
DA:145,1
DA:146,1
DA:152,28
DA:159,1
DA:164,21
DA:172,0
DA:184,1
LF:48
LH:40
BRDA:40,0,0,7
BRDA:41,1,0,7
BRDA:57,2,0,1
BRDA:57,2,1,5
BRDA:61,3,0,1
BRDA:61,3,1,5
BRDA:65,4,0,3
BRDA:65,4,1,2
BRDA:66,5,0,0
BRDA:66,5,1,2
BRDA:66,6,0,2
BRDA:66,6,1,2
BRDA:71,7,0,2
BRDA:71,7,1,6
BRDA:72,8,0,0
BRDA:72,8,1,6
BRDA:75,9,0,0
BRDA:75,9,1,0
BRDA:75,10,0,0
BRDA:75,10,1,0
BRDA:78,11,0,0
BRDA:78,11,1,0
BRDA:79,12,0,0
BRDA:79,12,1,0
BRDA:82,13,0,6
BRDA:82,13,1,0
BRDA:83,14,0,6
BRDA:83,14,1,0
BRDA:102,15,0,7
BRDA:102,15,1,0
BRDA:146,16,0,0
BRDA:146,16,1,1
BRDA:171,17,0,5
BRDA:171,17,1,2
BRDA:183,18,0,2
BRDA:183,18,1,5
BRDA:198,19,0,0
BRDA:198,19,1,7
BRDA:205,20,0,5
BRDA:205,20,1,2
BRF:40
BRH:25
end_of_record
TN:
SF:src\components\tasks\TaskDetailModal\index.tsx
FN:34,formatDate
FN:43,isOverdue
FN:48,(anonymous_3)
FN:56,(anonymous_4)
FN:58,(anonymous_5)
FN:62,(anonymous_6)
FN:65,(anonymous_7)
FN:71,(anonymous_8)
FN:80,(anonymous_9)
FN:84,(anonymous_10)
FN:89,(anonymous_11)
FN:101,(anonymous_12)
FN:177,(anonymous_13)
FN:186,(anonymous_14)
FN:195,(anonymous_15)
FN:210,(anonymous_16)
FNF:16
FNH:10
FNDA:3,formatDate
FNDA:3,isOverdue
FNDA:4,(anonymous_3)
FNDA:4,(anonymous_4)
FNDA:0,(anonymous_5)
FNDA:3,(anonymous_6)
FNDA:4,(anonymous_7)
FNDA:4,(anonymous_8)
FNDA:1,(anonymous_9)
FNDA:0,(anonymous_10)
FNDA:0,(anonymous_11)
FNDA:2,(anonymous_12)
FNDA:0,(anonymous_13)
FNDA:0,(anonymous_14)
FNDA:0,(anonymous_15)
FNDA:1,(anonymous_16)
DA:1,1
DA:2,1
DA:4,1
DA:5,1
DA:16,1
DA:22,1
DA:28,1
DA:35,3
DA:36,0
DA:44,3
DA:45,0
DA:48,1
DA:56,4
DA:57,4
DA:58,3
DA:59,0
DA:61,3
DA:62,3
DA:65,4
DA:66,4
DA:67,3
DA:69,1
DA:71,4
DA:74,4
DA:76,3
DA:77,3
DA:78,3
DA:80,3
DA:81,1
DA:84,3
DA:85,0
DA:86,0
DA:89,3
DA:91,3
DA:101,2
DA:177,0
DA:186,0
DA:195,0
DA:210,1
LF:39
LH:31
BRDA:35,0,0,3
BRDA:35,0,1,0
BRDA:44,1,0,3
BRDA:44,1,1,0
BRDA:44,2,0,3
BRDA:44,2,1,0
BRDA:54,3,0,4
BRDA:57,4,0,1
BRDA:57,4,1,3
BRDA:59,5,0,0
BRDA:59,5,1,0
BRDA:66,6,0,3
BRDA:66,6,1,1
BRDA:74,7,0,1
BRDA:74,7,1,3
BRDA:81,8,0,0
BRDA:81,8,1,1
BRDA:81,9,0,1
BRDA:81,9,1,1
BRDA:85,10,0,0
BRDA:85,10,1,0
BRDA:85,11,0,0
BRDA:85,11,1,0
BRDA:122,12,0,3
BRDA:122,12,1,0
BRDA:143,13,0,0
BRDA:143,13,1,3
BRDA:144,14,0,0
BRDA:144,14,1,3
BRDA:145,15,0,0
BRDA:145,15,1,0
BRDA:170,16,0,3
BRDA:170,16,1,0
BRDA:170,16,2,3
BRDA:174,17,0,3
BRDA:174,17,1,0
BRDA:183,18,0,3
BRDA:183,18,1,3
BRDA:192,19,0,3
BRDA:192,19,1,3
BRDA:210,20,0,0
BRDA:210,20,1,1
BRDA:210,21,0,1
BRDA:210,21,1,1
BRDA:213,22,0,0
BRDA:213,22,1,3
BRDA:218,23,0,0
BRDA:218,23,1,3
BRDA:226,24,0,0
BRDA:226,24,1,3
BRDA:231,25,0,0
BRDA:231,25,1,3
BRF:52
BRH:30
end_of_record
TN:
SF:src\components\tasks\TaskModal\index.tsx
FN:17,(anonymous_1)
FN:29,(anonymous_2)
FN:45,(anonymous_3)
FN:64,(anonymous_4)
FN:85,(anonymous_5)
FN:99,(anonymous_6)
FN:113,(anonymous_7)
FNF:7
FNH:6
FNDA:7,(anonymous_1)
FNDA:3,(anonymous_2)
FNDA:1,(anonymous_3)
FNDA:1,(anonymous_4)
FNDA:1,(anonymous_5)
FNDA:1,(anonymous_6)
FNDA:0,(anonymous_7)
DA:1,1
DA:2,1
DA:4,1
DA:6,1
DA:17,1
DA:25,7
DA:26,7
DA:27,7
DA:29,7
DA:30,3
DA:31,3
DA:32,1
DA:33,1
DA:34,1
DA:36,2
DA:37,2
DA:38,2
DA:43,7
DA:45,7
DA:46,1
DA:47,1
DA:49,1
DA:55,1
DA:56,0
DA:58,1
DA:62,7
DA:64,1
DA:85,1
DA:99,1
DA:113,0
LF:30
LH:28
BRDA:30,0,0,3
BRDA:30,0,1,0
BRDA:31,1,0,1
BRDA:31,1,1,2
BRDA:33,2,0,1
BRDA:33,2,1,0
BRDA:34,3,0,0
BRDA:34,3,1,1
BRDA:43,4,0,0
BRDA:43,4,1,7
BRDA:47,5,0,0
BRDA:47,5,1,1
BRDA:51,6,0,1
BRDA:51,6,1,0
BRDA:52,7,0,0
BRDA:52,7,1,1
BRDA:55,8,0,0
BRDA:55,8,1,1
BRDA:66,9,0,2
BRDA:66,9,1,5
BRDA:72,10,0,7
BRDA:72,10,1,0
BRDA:128,11,0,7
BRDA:128,11,1,4
BRDA:129,12,0,0
BRDA:129,12,1,7
BRDA:131,13,0,2
BRDA:131,13,1,5
BRF:28
BRH:18
end_of_record
TN:
SF:src\store\api\tasksApi.ts
FN:15,(anonymous_1)
FN:17,(anonymous_2)
FN:18,(anonymous_3)
FN:21,(anonymous_4)
FN:27,(anonymous_5)
FN:28,(anonymous_6)
FN:31,(anonymous_7)
FN:39,(anonymous_8)
FN:44,(anonymous_9)
FN:47,(anonymous_10)
FN:52,(anonymous_11)
FN:55,(anonymous_12)
FNF:12
FNH:5
FNDA:1,(anonymous_1)
FNDA:4,(anonymous_2)
FNDA:4,(anonymous_3)
FNDA:3,(anonymous_4)
FNDA:0,(anonymous_5)
FNDA:0,(anonymous_6)
FNDA:1,(anonymous_7)
FNDA:0,(anonymous_8)
FNDA:0,(anonymous_9)
FNDA:0,(anonymous_10)
FNDA:0,(anonymous_11)
FNDA:0,(anonymous_12)
DA:1,1
DA:9,1
DA:15,1
DA:17,4
DA:19,4
DA:21,3
DA:27,0
DA:28,0
DA:31,1
DA:39,0
DA:44,0
DA:47,0
DA:52,0
DA:55,0
DA:65,1
LF:15
LH:8
BRDA:12,0,0,1
BRDA:12,0,1,0
BRDA:12,1,0,1
BRDA:12,1,1,1
BRDA:19,2,0,3
BRDA:19,2,1,1
BRF:6
BRH:5
end_of_record
TN:
SF:src\types\task.ts
FN:1,(anonymous_0)
FNF:1
FNH:1
FNDA:4,(anonymous_0)
DA:1,4
DA:2,4
DA:3,4
DA:4,4
LF:4
LH:4
BRDA:1,0,0,4
BRDA:1,0,1,4
BRF:2
BRH:2
end_of_record
